{"/home/ahgora/Desktop/mercadoLivreTest/server.js": {"path":"/home/ahgora/Desktop/mercadoLivreTest/server.js","statementMap":{"0":{"start":{"line":1,"column":16},"end":{"line":1,"column":34}},"1":{"start":{"line":3,"column":15},"end":{"line":3,"column":24}},"2":{"start":{"line":5,"column":0},"end":{"line":5,"column":26}},"3":{"start":{"line":7,"column":0},"end":{"line":7,"column":27}},"4":{"start":{"line":9,"column":0},"end":{"line":9,"column":56}},"5":{"start":{"line":10,"column":20},"end":{"line":10,"column":49}},"6":{"start":{"line":12,"column":0},"end":{"line":12,"column":29}},"7":{"start":{"line":14,"column":13},"end":{"line":14,"column":37}},"8":{"start":{"line":16,"column":0},"end":{"line":16,"column":20}},"9":{"start":{"line":18,"column":0},"end":{"line":18,"column":23}}},"fnMap":{},"branchMap":{"0":{"loc":{"start":{"line":14,"column":13},"end":{"line":14,"column":37}},"type":"binary-expr","locations":[{"start":{"line":14,"column":13},"end":{"line":14,"column":29}},{"start":{"line":14,"column":33},"end":{"line":14,"column":37}}],"line":14}},"s":{"0":1,"1":1,"2":1,"3":1,"4":1,"5":1,"6":1,"7":1,"8":1,"9":1},"f":{},"b":{"0":[1,1]},"_coverageSchema":"1a1c01bbd47fc00a2c39e90264f33305004495a9","hash":"281b37bf143f214f45da6c832d327918908a7ad2"}
,"/home/ahgora/Desktop/mercadoLivreTest/app/component/simian.js": {"path":"/home/ahgora/Desktop/mercadoLivreTest/app/component/simian.js","statementMap":{"0":{"start":{"line":3,"column":25},"end":{"line":3,"column":62}},"1":{"start":{"line":5,"column":18},"end":{"line":44,"column":1}},"2":{"start":{"line":6,"column":31},"end":{"line":6,"column":33}},"3":{"start":{"line":8,"column":20},"end":{"line":8,"column":22}},"4":{"start":{"line":9,"column":21},"end":{"line":9,"column":23}},"5":{"start":{"line":10,"column":21},"end":{"line":10,"column":23}},"6":{"start":{"line":11,"column":28},"end":{"line":11,"column":30}},"7":{"start":{"line":13,"column":4},"end":{"line":42,"column":5}},"8":{"start":{"line":13,"column":18},"end":{"line":13,"column":19}},"9":{"start":{"line":14,"column":32},"end":{"line":14,"column":34}},"10":{"start":{"line":15,"column":8},"end":{"line":41,"column":9}},"11":{"start":{"line":15,"column":25},"end":{"line":15,"column":26}},"12":{"start":{"line":16,"column":12},"end":{"line":18,"column":13}},"13":{"start":{"line":17,"column":16},"end":{"line":17,"column":58}},"14":{"start":{"line":20,"column":12},"end":{"line":23,"column":13}},"15":{"start":{"line":21,"column":16},"end":{"line":21,"column":49}},"16":{"start":{"line":22,"column":16},"end":{"line":22,"column":49}},"17":{"start":{"line":25,"column":12},"end":{"line":28,"column":13}},"18":{"start":{"line":26,"column":30},"end":{"line":26,"column":97}},"19":{"start":{"line":26,"column":80},"end":{"line":26,"column":96}},"20":{"start":{"line":27,"column":16},"end":{"line":27,"column":61}},"21":{"start":{"line":31,"column":3},"end":{"line":31,"column":48}},"22":{"start":{"line":33,"column":3},"end":{"line":33,"column":76}},"23":{"start":{"line":33,"column":37},"end":{"line":33,"column":76}},"24":{"start":{"line":35,"column":3},"end":{"line":38,"column":13}},"25":{"start":{"line":36,"column":16},"end":{"line":36,"column":75}},"26":{"start":{"line":37,"column":16},"end":{"line":37,"column":25}},"27":{"start":{"line":40,"column":12},"end":{"line":40,"column":52}},"28":{"start":{"line":43,"column":4},"end":{"line":43,"column":64}},"29":{"start":{"line":46,"column":31},"end":{"line":49,"column":1}},"30":{"start":{"line":47,"column":4},"end":{"line":47,"column":19}},"31":{"start":{"line":48,"column":4},"end":{"line":48,"column":33}},"32":{"start":{"line":51,"column":22},"end":{"line":51,"column":86}},"33":{"start":{"line":51,"column":31},"end":{"line":51,"column":86}},"34":{"start":{"line":51,"column":54},"end":{"line":51,"column":85}},"35":{"start":{"line":53,"column":30},"end":{"line":57,"column":1}},"36":{"start":{"line":54,"column":4},"end":{"line":56,"column":6}},"37":{"start":{"line":55,"column":8},"end":{"line":55,"column":124}},"38":{"start":{"line":59,"column":0},"end":{"line":76,"column":1}},"39":{"start":{"line":61,"column":70},"end":{"line":61,"column":84}},"40":{"start":{"line":63,"column":8},"end":{"line":63,"column":97}},"41":{"start":{"line":66,"column":39},"end":{"line":66,"column":94}},"42":{"start":{"line":66,"column":78},"end":{"line":66,"column":86}},"43":{"start":{"line":68,"column":28},"end":{"line":68,"column":73}},"44":{"start":{"line":70,"column":8},"end":{"line":74,"column":9}}},"fnMap":{"0":{"name":"(anonymous_0)","decl":{"start":{"line":5,"column":18},"end":{"line":5,"column":19}},"loc":{"start":{"line":5,"column":25},"end":{"line":44,"column":1}},"line":5},"1":{"name":"(anonymous_1)","decl":{"start":{"line":26,"column":71},"end":{"line":26,"column":72}},"loc":{"start":{"line":26,"column":80},"end":{"line":26,"column":96}},"line":26},"2":{"name":"(anonymous_2)","decl":{"start":{"line":46,"column":31},"end":{"line":46,"column":32}},"loc":{"start":{"line":46,"column":60},"end":{"line":49,"column":1}},"line":46},"3":{"name":"(anonymous_3)","decl":{"start":{"line":51,"column":22},"end":{"line":51,"column":23}},"loc":{"start":{"line":51,"column":31},"end":{"line":51,"column":86}},"line":51},"4":{"name":"(anonymous_4)","decl":{"start":{"line":51,"column":42},"end":{"line":51,"column":43}},"loc":{"start":{"line":51,"column":54},"end":{"line":51,"column":85}},"line":51},"5":{"name":"(anonymous_5)","decl":{"start":{"line":53,"column":30},"end":{"line":53,"column":31}},"loc":{"start":{"line":53,"column":42},"end":{"line":57,"column":1}},"line":53},"6":{"name":"(anonymous_6)","decl":{"start":{"line":54,"column":25},"end":{"line":54,"column":26}},"loc":{"start":{"line":54,"column":53},"end":{"line":56,"column":5}},"line":54},"7":{"name":"(anonymous_7)","decl":{"start":{"line":60,"column":29},"end":{"line":60,"column":30}},"loc":{"start":{"line":60,"column":36},"end":{"line":64,"column":5}},"line":60},"8":{"name":"(anonymous_8)","decl":{"start":{"line":65,"column":14},"end":{"line":65,"column":15}},"loc":{"start":{"line":65,"column":31},"end":{"line":75,"column":5}},"line":65},"9":{"name":"(anonymous_9)","decl":{"start":{"line":66,"column":60},"end":{"line":66,"column":61}},"loc":{"start":{"line":66,"column":78},"end":{"line":66,"column":86}},"line":66}},"branchMap":{"0":{"loc":{"start":{"line":16,"column":12},"end":{"line":18,"column":13}},"type":"if","locations":[{"start":{"line":16,"column":12},"end":{"line":18,"column":13}},{"start":{"line":16,"column":12},"end":{"line":18,"column":13}}],"line":16},"1":{"loc":{"start":{"line":20,"column":12},"end":{"line":23,"column":13}},"type":"if","locations":[{"start":{"line":20,"column":12},"end":{"line":23,"column":13}},{"start":{"line":20,"column":12},"end":{"line":23,"column":13}}],"line":20},"2":{"loc":{"start":{"line":20,"column":15},"end":{"line":20,"column":50}},"type":"binary-expr","locations":[{"start":{"line":20,"column":15},"end":{"line":20,"column":24}},{"start":{"line":20,"column":28},"end":{"line":20,"column":50}}],"line":20},"3":{"loc":{"start":{"line":25,"column":12},"end":{"line":28,"column":13}},"type":"if","locations":[{"start":{"line":25,"column":12},"end":{"line":28,"column":13}},{"start":{"line":25,"column":12},"end":{"line":28,"column":13}}],"line":25},"4":{"loc":{"start":{"line":25,"column":15},"end":{"line":25,"column":51}},"type":"binary-expr","locations":[{"start":{"line":25,"column":15},"end":{"line":25,"column":24}},{"start":{"line":25,"column":28},"end":{"line":25,"column":51}}],"line":25},"5":{"loc":{"start":{"line":33,"column":3},"end":{"line":33,"column":76}},"type":"if","locations":[{"start":{"line":33,"column":3},"end":{"line":33,"column":76}},{"start":{"line":33,"column":3},"end":{"line":33,"column":76}}],"line":33},"6":{"loc":{"start":{"line":35,"column":3},"end":{"line":38,"column":13}},"type":"if","locations":[{"start":{"line":35,"column":3},"end":{"line":38,"column":13}},{"start":{"line":35,"column":3},"end":{"line":38,"column":13}}],"line":35},"7":{"loc":{"start":{"line":55,"column":16},"end":{"line":55,"column":123}},"type":"binary-expr","locations":[{"start":{"line":55,"column":16},"end":{"line":55,"column":25}},{"start":{"line":55,"column":29},"end":{"line":55,"column":58}},{"start":{"line":55,"column":62},"end":{"line":55,"column":90}},{"start":{"line":55,"column":94},"end":{"line":55,"column":123}}],"line":55}},"s":{"0":1,"1":1,"2":4,"3":4,"4":4,"5":4,"6":4,"7":4,"8":4,"9":24,"10":24,"11":24,"12":144,"13":24,"14":144,"15":12,"16":12,"17":144,"18":60,"19":120,"20":60,"21":144,"22":144,"23":24,"24":144,"25":24,"26":24,"27":120,"28":4,"29":1,"30":24,"31":24,"32":1,"33":4,"34":42,"35":1,"36":42,"37":248,"38":1,"39":4,"40":4,"41":1,"42":2,"43":1,"44":1},"f":{"0":4,"1":120,"2":24,"3":4,"4":42,"5":42,"6":248,"7":4,"8":1,"9":2},"b":{"0":[24,120],"1":[12,132],"2":[144,24],"3":[60,84],"4":[144,120],"5":[24,120],"6":[24,120],"7":[248,164,32,10]},"_coverageSchema":"1a1c01bbd47fc00a2c39e90264f33305004495a9","hash":"4c4be42c80ff0c417bdb04378ccfcb3d6f039719"}
,"/home/ahgora/Desktop/mercadoLivreTest/app/controller/simian.js": {"path":"/home/ahgora/Desktop/mercadoLivreTest/app/controller/simian.js","statementMap":{"0":{"start":{"line":3,"column":24},"end":{"line":3,"column":54}},"1":{"start":{"line":4,"column":17},"end":{"line":4,"column":48}},"2":{"start":{"line":5,"column":28},"end":{"line":5,"column":60}},"3":{"start":{"line":8,"column":17},"end":{"line":20,"column":1}},"4":{"start":{"line":9,"column":20},"end":{"line":9,"column":28}},"5":{"start":{"line":11,"column":19},"end":{"line":11,"column":63}},"6":{"start":{"line":12,"column":29},"end":{"line":12,"column":52}},"7":{"start":{"line":14,"column":25},"end":{"line":14,"column":101}},"8":{"start":{"line":14,"column":70},"end":{"line":14,"column":100}},"9":{"start":{"line":16,"column":4},"end":{"line":16,"column":69}},"10":{"start":{"line":16,"column":22},"end":{"line":16,"column":69}},"11":{"start":{"line":18,"column":4},"end":{"line":19,"column":65}},"12":{"start":{"line":22,"column":14},"end":{"line":26,"column":1}},"13":{"start":{"line":23,"column":29},"end":{"line":23,"column":52}},"14":{"start":{"line":25,"column":4},"end":{"line":25,"column":64}},"15":{"start":{"line":28,"column":0},"end":{"line":31,"column":1}}},"fnMap":{"0":{"name":"(anonymous_0)","decl":{"start":{"line":8,"column":17},"end":{"line":8,"column":18}},"loc":{"start":{"line":8,"column":37},"end":{"line":20,"column":1}},"line":8},"1":{"name":"(anonymous_1)","decl":{"start":{"line":14,"column":47},"end":{"line":14,"column":48}},"loc":{"start":{"line":14,"column":70},"end":{"line":14,"column":100}},"line":14},"2":{"name":"(anonymous_2)","decl":{"start":{"line":22,"column":14},"end":{"line":22,"column":15}},"loc":{"start":{"line":22,"column":34},"end":{"line":26,"column":1}},"line":22}},"branchMap":{"0":{"loc":{"start":{"line":16,"column":4},"end":{"line":16,"column":69}},"type":"if","locations":[{"start":{"line":16,"column":4},"end":{"line":16,"column":69}},{"start":{"line":16,"column":4},"end":{"line":16,"column":69}}],"line":16},"1":{"loc":{"start":{"line":18,"column":11},"end":{"line":19,"column":65}},"type":"cond-expr","locations":[{"start":{"line":18,"column":20},"end":{"line":18,"column":71}},{"start":{"line":19,"column":8},"end":{"line":19,"column":65}}],"line":18}},"s":{"0":1,"1":1,"2":1,"3":1,"4":4,"5":4,"6":4,"7":4,"8":5,"9":4,"10":1,"11":4,"12":1,"13":1,"14":1,"15":1},"f":{"0":4,"1":5,"2":1},"b":{"0":[1,3],"1":[2,2]},"_coverageSchema":"1a1c01bbd47fc00a2c39e90264f33305004495a9","hash":"2fa9f56baa12bf1f9562bbe5cd787c68ff834f3b"}
,"/home/ahgora/Desktop/mercadoLivreTest/app/helper/consts/constants.js": {"path":"/home/ahgora/Desktop/mercadoLivreTest/app/helper/consts/constants.js","statementMap":{"0":{"start":{"line":1,"column":0},"end":{"line":1,"column":17}},"1":{"start":{"line":2,"column":0},"end":{"line":2,"column":35}},"2":{"start":{"line":3,"column":0},"end":{"line":10,"column":2}},"3":{"start":{"line":11,"column":0},"end":{"line":18,"column":11}},"4":{"start":{"line":20,"column":0},"end":{"line":27,"column":4}},"5":{"start":{"line":29,"column":0},"end":{"line":35,"column":1}}},"fnMap":{},"branchMap":{},"s":{"0":2,"1":2,"2":2,"3":2,"4":2,"5":2},"f":{},"b":{},"_coverageSchema":"1a1c01bbd47fc00a2c39e90264f33305004495a9","hash":"c1e71576442847746a521b7892f211810bd83d32"}
,"/home/ahgora/Desktop/mercadoLivreTest/app/helper/db/connection.js": {"path":"/home/ahgora/Desktop/mercadoLivreTest/app/helper/db/connection.js","statementMap":{"0":{"start":{"line":1,"column":17},"end":{"line":1,"column":36}},"1":{"start":{"line":6,"column":24},"end":{"line":12,"column":1}},"2":{"start":{"line":7,"column":30},"end":{"line":7,"column":112}},"3":{"start":{"line":9,"column":4},"end":{"line":9,"column":45}},"4":{"start":{"line":11,"column":4},"end":{"line":11,"column":41}},"5":{"start":{"line":14,"column":0},"end":{"line":14,"column":42}}},"fnMap":{"0":{"name":"(anonymous_0)","decl":{"start":{"line":6,"column":24},"end":{"line":6,"column":25}},"loc":{"start":{"line":6,"column":30},"end":{"line":12,"column":1}},"line":6}},"branchMap":{},"s":{"0":1,"1":1,"2":1,"3":1,"4":1,"5":1},"f":{"0":1},"b":{},"_coverageSchema":"1a1c01bbd47fc00a2c39e90264f33305004495a9","hash":"5e54c9176cadde65367a6a1933d782bdf3a2c61c"}
,"/home/ahgora/Desktop/mercadoLivreTest/app/helper/utils/utils.js": {"path":"/home/ahgora/Desktop/mercadoLivreTest/app/helper/utils/utils.js","statementMap":{"0":{"start":{"line":1,"column":0},"end":{"line":7,"column":1}},"1":{"start":{"line":2,"column":45},"end":{"line":2,"column":84}},"2":{"start":{"line":3,"column":26},"end":{"line":3,"column":44}},"3":{"start":{"line":4,"column":44},"end":{"line":4,"column":61}},"4":{"start":{"line":5,"column":36},"end":{"line":5,"column":97}},"5":{"start":{"line":5,"column":62},"end":{"line":5,"column":96}},"6":{"start":{"line":6,"column":32},"end":{"line":6,"column":46}}},"fnMap":{"0":{"name":"(anonymous_0)","decl":{"start":{"line":2,"column":21},"end":{"line":2,"column":22}},"loc":{"start":{"line":2,"column":45},"end":{"line":2,"column":84}},"line":2},"1":{"name":"(anonymous_1)","decl":{"start":{"line":3,"column":18},"end":{"line":3,"column":19}},"loc":{"start":{"line":3,"column":26},"end":{"line":3,"column":44}},"line":3},"2":{"name":"(anonymous_2)","decl":{"start":{"line":4,"column":26},"end":{"line":4,"column":27}},"loc":{"start":{"line":4,"column":44},"end":{"line":4,"column":61}},"line":4},"3":{"name":"(anonymous_3)","decl":{"start":{"line":5,"column":25},"end":{"line":5,"column":26}},"loc":{"start":{"line":5,"column":36},"end":{"line":5,"column":97}},"line":5},"4":{"name":"(anonymous_4)","decl":{"start":{"line":5,"column":50},"end":{"line":5,"column":51}},"loc":{"start":{"line":5,"column":62},"end":{"line":5,"column":96}},"line":5},"5":{"name":"(anonymous_5)","decl":{"start":{"line":6,"column":21},"end":{"line":6,"column":22}},"loc":{"start":{"line":6,"column":32},"end":{"line":6,"column":46}},"line":6}},"branchMap":{},"s":{"0":2,"1":7,"2":8,"3":6,"4":7,"5":32,"6":6},"f":{"0":7,"1":8,"2":6,"3":7,"4":32,"5":6},"b":{},"_coverageSchema":"1a1c01bbd47fc00a2c39e90264f33305004495a9","hash":"ee699419fdc708a1bbba62b0e286027457424db7"}
,"/home/ahgora/Desktop/mercadoLivreTest/app/middlewares/validator.js": {"path":"/home/ahgora/Desktop/mercadoLivreTest/app/middlewares/validator.js","statementMap":{"0":{"start":{"line":5,"column":5},"end":{"line":5,"column":42}},"1":{"start":{"line":12,"column":5},"end":{"line":12,"column":37}},"2":{"start":{"line":14,"column":0},"end":{"line":50,"column":1}},"3":{"start":{"line":15,"column":4},"end":{"line":49,"column":5}},"4":{"start":{"line":16,"column":18},"end":{"line":16,"column":30}},"5":{"start":{"line":18,"column":8},"end":{"line":22,"column":9}},"6":{"start":{"line":19,"column":12},"end":{"line":21,"column":14}},"7":{"start":{"line":24,"column":8},"end":{"line":28,"column":9}},"8":{"start":{"line":25,"column":12},"end":{"line":27,"column":14}},"9":{"start":{"line":29,"column":8},"end":{"line":29,"column":35}},"10":{"start":{"line":31,"column":8},"end":{"line":35,"column":9}},"11":{"start":{"line":32,"column":12},"end":{"line":34,"column":14}},"12":{"start":{"line":37,"column":8},"end":{"line":41,"column":9}},"13":{"start":{"line":38,"column":10},"end":{"line":40,"column":14}},"14":{"start":{"line":42,"column":8},"end":{"line":42,"column":27}},"15":{"start":{"line":44,"column":8},"end":{"line":44,"column":15}},"16":{"start":{"line":47,"column":8},"end":{"line":47,"column":27}},"17":{"start":{"line":48,"column":8},"end":{"line":48,"column":20}}},"fnMap":{"0":{"name":"(anonymous_0)","decl":{"start":{"line":14,"column":17},"end":{"line":14,"column":18}},"loc":{"start":{"line":14,"column":37},"end":{"line":50,"column":1}},"line":14}},"branchMap":{"0":{"loc":{"start":{"line":18,"column":8},"end":{"line":22,"column":9}},"type":"if","locations":[{"start":{"line":18,"column":8},"end":{"line":22,"column":9}},{"start":{"line":18,"column":8},"end":{"line":22,"column":9}}],"line":18},"1":{"loc":{"start":{"line":24,"column":8},"end":{"line":28,"column":9}},"type":"if","locations":[{"start":{"line":24,"column":8},"end":{"line":28,"column":9}},{"start":{"line":24,"column":8},"end":{"line":28,"column":9}}],"line":24},"2":{"loc":{"start":{"line":31,"column":8},"end":{"line":35,"column":9}},"type":"if","locations":[{"start":{"line":31,"column":8},"end":{"line":35,"column":9}},{"start":{"line":31,"column":8},"end":{"line":35,"column":9}}],"line":31},"3":{"loc":{"start":{"line":37,"column":8},"end":{"line":41,"column":9}},"type":"if","locations":[{"start":{"line":37,"column":8},"end":{"line":41,"column":9}},{"start":{"line":37,"column":8},"end":{"line":41,"column":9}}],"line":37}},"s":{"0":1,"1":1,"2":1,"3":8,"4":8,"5":8,"6":1,"7":7,"8":1,"9":6,"10":6,"11":1,"12":5,"13":1,"14":4,"15":4,"16":0,"17":0},"f":{"0":8},"b":{"0":[1,7],"1":[1,6],"2":[1,5],"3":[1,4]},"_coverageSchema":"1a1c01bbd47fc00a2c39e90264f33305004495a9","hash":"bd0d30d51815c923f0e9f33e575eeafd5c5a3217"}
,"/home/ahgora/Desktop/mercadoLivreTest/app/model/dnaResearch.js": {"path":"/home/ahgora/Desktop/mercadoLivreTest/app/model/dnaResearch.js","statementMap":{"0":{"start":{"line":1,"column":17},"end":{"line":1,"column":36}},"1":{"start":{"line":2,"column":15},"end":{"line":2,"column":30}},"2":{"start":{"line":3,"column":12},"end":{"line":3,"column":26}},"3":{"start":{"line":7,"column":26},"end":{"line":11,"column":2}},"4":{"start":{"line":13,"column":0},"end":{"line":18,"column":1}},"5":{"start":{"line":14,"column":19},"end":{"line":16,"column":5}},"6":{"start":{"line":17,"column":4},"end":{"line":17,"column":37}},"7":{"start":{"line":20,"column":0},"end":{"line":22,"column":1}},"8":{"start":{"line":21,"column":4},"end":{"line":21,"column":34}},"9":{"start":{"line":24,"column":0},"end":{"line":26,"column":1}},"10":{"start":{"line":25,"column":4},"end":{"line":25,"column":38}},"11":{"start":{"line":28,"column":0},"end":{"line":30,"column":1}},"12":{"start":{"line":29,"column":4},"end":{"line":29,"column":70}},"13":{"start":{"line":33,"column":0},"end":{"line":33,"column":66}}},"fnMap":{"0":{"name":"(anonymous_0)","decl":{"start":{"line":13,"column":40},"end":{"line":13,"column":41}},"loc":{"start":{"line":13,"column":47},"end":{"line":18,"column":1}},"line":13},"1":{"name":"(anonymous_1)","decl":{"start":{"line":20,"column":35},"end":{"line":20,"column":36}},"loc":{"start":{"line":20,"column":56},"end":{"line":22,"column":1}},"line":20},"2":{"name":"(anonymous_2)","decl":{"start":{"line":24,"column":35},"end":{"line":24,"column":36}},"loc":{"start":{"line":24,"column":52},"end":{"line":26,"column":1}},"line":24},"3":{"name":"(anonymous_3)","decl":{"start":{"line":28,"column":39},"end":{"line":28,"column":40}},"loc":{"start":{"line":28,"column":59},"end":{"line":30,"column":1}},"line":28}},"branchMap":{},"s":{"0":1,"1":1,"2":1,"3":1,"4":1,"5":0,"6":0,"7":1,"8":1,"9":1,"10":6,"11":1,"12":1,"13":1},"f":{"0":0,"1":1,"2":6,"3":1},"b":{},"_coverageSchema":"1a1c01bbd47fc00a2c39e90264f33305004495a9","hash":"123896653dbd7e27a389761b9fce119f45c11dc9"}
,"/home/ahgora/Desktop/mercadoLivreTest/app/routes/index.js": {"path":"/home/ahgora/Desktop/mercadoLivreTest/app/routes/index.js","statementMap":{"0":{"start":{"line":3,"column":15},"end":{"line":3,"column":42}},"1":{"start":{"line":5,"column":28},"end":{"line":5,"column":63}},"2":{"start":{"line":6,"column":22},"end":{"line":6,"column":53}},"3":{"start":{"line":8,"column":0},"end":{"line":8,"column":68}},"4":{"start":{"line":10,"column":0},"end":{"line":10,"column":42}},"5":{"start":{"line":12,"column":0},"end":{"line":12,"column":24}}},"fnMap":{},"branchMap":{},"s":{"0":1,"1":1,"2":1,"3":1,"4":1,"5":1},"f":{},"b":{},"_coverageSchema":"1a1c01bbd47fc00a2c39e90264f33305004495a9","hash":"03698426e74378163ae15ad7a9e030d65fec6335"}
}
