TN:
SF:server.js
FNF:0
FNH:0
DA:1,1
DA:3,1
DA:5,1
DA:7,1
DA:9,1
DA:10,1
DA:12,1
DA:14,1
DA:16,1
DA:18,1
LF:10
LH:10
BRDA:14,0,0,1
BRDA:14,0,1,1
BRF:2
BRH:2
end_of_record
TN:
SF:app/component/simian.js
FN:5,(anonymous_0)
FN:26,(anonymous_1)
FN:46,(anonymous_2)
FN:51,(anonymous_3)
FN:51,(anonymous_4)
FN:53,(anonymous_5)
FN:54,(anonymous_6)
FN:60,(anonymous_7)
FN:65,(anonymous_8)
FN:66,(anonymous_9)
FNF:10
FNH:10
FNDA:4,(anonymous_0)
FNDA:120,(anonymous_1)
FNDA:24,(anonymous_2)
FNDA:4,(anonymous_3)
FNDA:42,(anonymous_4)
FNDA:42,(anonymous_5)
FNDA:248,(anonymous_6)
FNDA:4,(anonymous_7)
FNDA:1,(anonymous_8)
FNDA:2,(anonymous_9)
DA:3,1
DA:5,1
DA:6,4
DA:8,4
DA:9,4
DA:10,4
DA:11,4
DA:13,4
DA:14,24
DA:15,24
DA:16,144
DA:17,24
DA:20,144
DA:21,12
DA:22,12
DA:25,144
DA:26,120
DA:27,60
DA:31,144
DA:33,144
DA:35,144
DA:36,24
DA:37,24
DA:40,120
DA:43,4
DA:46,1
DA:47,24
DA:48,24
DA:51,42
DA:53,1
DA:54,42
DA:55,248
DA:59,1
DA:61,4
DA:63,4
DA:66,2
DA:68,1
DA:70,1
LF:38
LH:38
BRDA:16,0,0,24
BRDA:16,0,1,120
BRDA:20,1,0,12
BRDA:20,1,1,132
BRDA:20,2,0,144
BRDA:20,2,1,24
BRDA:25,3,0,60
BRDA:25,3,1,84
BRDA:25,4,0,144
BRDA:25,4,1,120
BRDA:33,5,0,24
BRDA:33,5,1,120
BRDA:35,6,0,24
BRDA:35,6,1,120
BRDA:55,7,0,248
BRDA:55,7,1,164
BRDA:55,7,2,32
BRDA:55,7,3,10
BRF:18
BRH:18
end_of_record
TN:
SF:app/controller/simian.js
FN:8,(anonymous_0)
FN:14,(anonymous_1)
FN:22,(anonymous_2)
FNF:3
FNH:3
FNDA:4,(anonymous_0)
FNDA:5,(anonymous_1)
FNDA:1,(anonymous_2)
DA:3,1
DA:4,1
DA:5,1
DA:8,1
DA:9,4
DA:11,4
DA:12,4
DA:14,5
DA:16,4
DA:18,4
DA:22,1
DA:23,1
DA:25,1
DA:28,1
LF:14
LH:14
BRDA:16,0,0,1
BRDA:16,0,1,3
BRDA:18,1,0,2
BRDA:18,1,1,2
BRF:4
BRH:4
end_of_record
TN:
SF:app/helper/consts/constants.js
FNF:0
FNH:0
DA:1,2
DA:2,2
DA:3,2
DA:11,2
DA:20,2
DA:29,2
LF:6
LH:6
BRF:0
BRH:0
end_of_record
TN:
SF:app/helper/db/connection.js
FN:6,(anonymous_0)
FNF:1
FNH:1
FNDA:1,(anonymous_0)
DA:1,1
DA:6,1
DA:7,1
DA:9,1
DA:11,1
DA:14,1
LF:6
LH:6
BRF:0
BRH:0
end_of_record
TN:
SF:app/helper/utils/utils.js
FN:2,(anonymous_0)
FN:3,(anonymous_1)
FN:4,(anonymous_2)
FN:5,(anonymous_3)
FN:5,(anonymous_4)
FN:6,(anonymous_5)
FNF:6
FNH:6
FNDA:7,(anonymous_0)
FNDA:8,(anonymous_1)
FNDA:6,(anonymous_2)
FNDA:7,(anonymous_3)
FNDA:32,(anonymous_4)
FNDA:6,(anonymous_5)
DA:1,2
DA:2,7
DA:3,8
DA:4,6
DA:5,32
DA:6,6
LF:6
LH:6
BRF:0
BRH:0
end_of_record
TN:
SF:app/middlewares/validator.js
FN:14,(anonymous_0)
FNF:1
FNH:1
FNDA:8,(anonymous_0)
DA:5,1
DA:12,1
DA:14,1
DA:15,8
DA:16,8
DA:18,8
DA:19,1
DA:24,7
DA:25,1
DA:29,6
DA:31,6
DA:32,1
DA:37,5
DA:38,1
DA:42,4
DA:44,4
DA:47,0
DA:48,0
LF:18
LH:16
BRDA:18,0,0,1
BRDA:18,0,1,7
BRDA:24,1,0,1
BRDA:24,1,1,6
BRDA:31,2,0,1
BRDA:31,2,1,5
BRDA:37,3,0,1
BRDA:37,3,1,4
BRF:8
BRH:8
end_of_record
TN:
SF:app/model/dnaResearch.js
FN:13,(anonymous_0)
FN:20,(anonymous_1)
FN:24,(anonymous_2)
FN:28,(anonymous_3)
FNF:4
FNH:3
FNDA:0,(anonymous_0)
FNDA:1,(anonymous_1)
FNDA:6,(anonymous_2)
FNDA:1,(anonymous_3)
DA:1,1
DA:2,1
DA:3,1
DA:7,1
DA:13,1
DA:14,0
DA:17,0
DA:20,1
DA:21,1
DA:24,1
DA:25,6
DA:28,1
DA:29,1
DA:33,1
LF:14
LH:12
BRF:0
BRH:0
end_of_record
TN:
SF:app/routes/index.js
FNF:0
FNH:0
DA:3,1
DA:5,1
DA:6,1
DA:8,1
DA:10,1
DA:12,1
LF:6
LH:6
BRF:0
BRH:0
end_of_record
